{"C:\\Users\\cefalo\\SportsDaily\\controllers\\articleController.js": {"path":"C:\\Users\\cefalo\\SportsDaily\\controllers\\articleController.js","statementMap":{"0":{"start":{"line":1,"column":17},"end":{"line":1,"column":55}},"1":{"start":{"line":2,"column":19},"end":{"line":2,"column":49}},"2":{"start":{"line":3,"column":27},"end":{"line":3,"column":65}},"3":{"start":{"line":5,"column":0},"end":{"line":8,"column":3}},"4":{"start":{"line":6,"column":22},"end":{"line":6,"column":54}},"5":{"start":{"line":7,"column":2},"end":{"line":7,"column":57}},"6":{"start":{"line":10,"column":0},"end":{"line":14,"column":3}},"7":{"start":{"line":11,"column":13},"end":{"line":11,"column":30}},"8":{"start":{"line":12,"column":20},"end":{"line":12,"column":53}},"9":{"start":{"line":13,"column":2},"end":{"line":13,"column":55}},"10":{"start":{"line":16,"column":0},"end":{"line":25,"column":3}},"11":{"start":{"line":17,"column":22},"end":{"line":22,"column":3}},"12":{"start":{"line":23,"column":21},"end":{"line":23,"column":62}},"13":{"start":{"line":24,"column":2},"end":{"line":24,"column":61}},"14":{"start":{"line":27,"column":0},"end":{"line":32,"column":3}},"15":{"start":{"line":28,"column":16},"end":{"line":28,"column":30}},"16":{"start":{"line":29,"column":13},"end":{"line":29,"column":26}},"17":{"start":{"line":30,"column":20},"end":{"line":30,"column":59}},"18":{"start":{"line":31,"column":2},"end":{"line":31,"column":55}},"19":{"start":{"line":34,"column":0},"end":{"line":38,"column":3}},"20":{"start":{"line":35,"column":13},"end":{"line":35,"column":26}},"21":{"start":{"line":36,"column":2},"end":{"line":36,"column":35}},"22":{"start":{"line":37,"column":2},"end":{"line":37,"column":27}}},"fnMap":{"0":{"name":"(anonymous_0)","decl":{"start":{"line":5,"column":36},"end":{"line":5,"column":37}},"loc":{"start":{"line":5,"column":62},"end":{"line":8,"column":1}},"line":5},"1":{"name":"(anonymous_1)","decl":{"start":{"line":10,"column":32},"end":{"line":10,"column":33}},"loc":{"start":{"line":10,"column":58},"end":{"line":14,"column":1}},"line":10},"2":{"name":"(anonymous_2)","decl":{"start":{"line":16,"column":33},"end":{"line":16,"column":34}},"loc":{"start":{"line":16,"column":59},"end":{"line":25,"column":1}},"line":16},"3":{"name":"(anonymous_3)","decl":{"start":{"line":27,"column":34},"end":{"line":27,"column":35}},"loc":{"start":{"line":27,"column":60},"end":{"line":32,"column":1}},"line":27},"4":{"name":"(anonymous_4)","decl":{"start":{"line":34,"column":35},"end":{"line":34,"column":36}},"loc":{"start":{"line":34,"column":61},"end":{"line":38,"column":1}},"line":34}},"branchMap":{},"s":{"0":1,"1":1,"2":1,"3":1,"4":1,"5":1,"6":1,"7":1,"8":1,"9":1,"10":1,"11":1,"12":1,"13":1,"14":1,"15":1,"16":1,"17":1,"18":1,"19":1,"20":1,"21":1,"22":1},"f":{"0":1,"1":1,"2":1,"3":1,"4":1},"b":{},"_coverageSchema":"1a1c01bbd47fc00a2c39e90264f33305004495a9","hash":"8b1b16d91fcd9325ec9d5897c034b70889f5486a"}
,"C:\\Users\\cefalo\\SportsDaily\\controllers\\userController.js": {"path":"C:\\Users\\cefalo\\SportsDaily\\controllers\\userController.js","statementMap":{"0":{"start":{"line":1,"column":17},"end":{"line":1,"column":52}},"1":{"start":{"line":2,"column":15},"end":{"line":2,"column":32}},"2":{"start":{"line":3,"column":19},"end":{"line":3,"column":49}},"3":{"start":{"line":4,"column":27},"end":{"line":4,"column":65}},"4":{"start":{"line":5,"column":19},"end":{"line":5,"column":49}},"5":{"start":{"line":7,"column":0},"end":{"line":10,"column":3}},"6":{"start":{"line":8,"column":19},"end":{"line":8,"column":48}},"7":{"start":{"line":9,"column":2},"end":{"line":9,"column":54}},"8":{"start":{"line":12,"column":0},"end":{"line":16,"column":3}},"9":{"start":{"line":13,"column":13},"end":{"line":13,"column":26}},"10":{"start":{"line":14,"column":17},"end":{"line":14,"column":47}},"11":{"start":{"line":15,"column":2},"end":{"line":15,"column":52}},"12":{"start":{"line":18,"column":0},"end":{"line":28,"column":3}},"13":{"start":{"line":19,"column":19},"end":{"line":19,"column":21}},"14":{"start":{"line":20,"column":2},"end":{"line":20,"column":32}},"15":{"start":{"line":21,"column":2},"end":{"line":21,"column":34}},"16":{"start":{"line":22,"column":2},"end":{"line":22,"column":63}},"17":{"start":{"line":23,"column":2},"end":{"line":23,"column":40}},"18":{"start":{"line":24,"column":18},"end":{"line":24,"column":53}},"19":{"start":{"line":25,"column":22},"end":{"line":25,"column":64}},"20":{"start":{"line":26,"column":24},"end":{"line":26,"column":62}},"21":{"start":{"line":27,"column":2},"end":{"line":27,"column":64}},"22":{"start":{"line":30,"column":0},"end":{"line":36,"column":3}},"23":{"start":{"line":31,"column":16},"end":{"line":31,"column":30}},"24":{"start":{"line":32,"column":15},"end":{"line":32,"column":28}},"25":{"start":{"line":33,"column":19},"end":{"line":33,"column":32}},"26":{"start":{"line":34,"column":17},"end":{"line":34,"column":65}},"27":{"start":{"line":35,"column":2},"end":{"line":35,"column":52}},"28":{"start":{"line":38,"column":0},"end":{"line":42,"column":3}},"29":{"start":{"line":39,"column":13},"end":{"line":39,"column":26}},"30":{"start":{"line":40,"column":2},"end":{"line":40,"column":32}},"31":{"start":{"line":41,"column":2},"end":{"line":41,"column":27}}},"fnMap":{"0":{"name":"(anonymous_0)","decl":{"start":{"line":7,"column":33},"end":{"line":7,"column":34}},"loc":{"start":{"line":7,"column":59},"end":{"line":10,"column":1}},"line":7},"1":{"name":"(anonymous_1)","decl":{"start":{"line":12,"column":29},"end":{"line":12,"column":30}},"loc":{"start":{"line":12,"column":55},"end":{"line":16,"column":1}},"line":12},"2":{"name":"(anonymous_2)","decl":{"start":{"line":18,"column":30},"end":{"line":18,"column":31}},"loc":{"start":{"line":18,"column":56},"end":{"line":28,"column":1}},"line":18},"3":{"name":"(anonymous_3)","decl":{"start":{"line":30,"column":31},"end":{"line":30,"column":32}},"loc":{"start":{"line":30,"column":57},"end":{"line":36,"column":1}},"line":30},"4":{"name":"(anonymous_4)","decl":{"start":{"line":38,"column":32},"end":{"line":38,"column":33}},"loc":{"start":{"line":38,"column":58},"end":{"line":42,"column":1}},"line":38}},"branchMap":{},"s":{"0":1,"1":1,"2":1,"3":1,"4":1,"5":1,"6":1,"7":1,"8":1,"9":1,"10":1,"11":1,"12":1,"13":1,"14":1,"15":1,"16":1,"17":1,"18":1,"19":1,"20":1,"21":1,"22":1,"23":1,"24":1,"25":1,"26":1,"27":1,"28":1,"29":1,"30":1,"31":1},"f":{"0":1,"1":1,"2":1,"3":1,"4":1},"b":{},"_coverageSchema":"1a1c01bbd47fc00a2c39e90264f33305004495a9","hash":"3d71d8c830e496d29d0944edbd3d89233f710f83"}
,"C:\\Users\\cefalo\\SportsDaily\\middlewares\\articleAuthMiddleware.js": {"path":"C:\\Users\\cefalo\\SportsDaily\\middlewares\\articleAuthMiddleware.js","statementMap":{"0":{"start":{"line":1,"column":17},"end":{"line":1,"column":55}},"1":{"start":{"line":2,"column":19},"end":{"line":2,"column":49}},"2":{"start":{"line":4,"column":0},"end":{"line":14,"column":3}},"3":{"start":{"line":5,"column":16},"end":{"line":5,"column":29}},"4":{"start":{"line":6,"column":22},"end":{"line":6,"column":54}},"5":{"start":{"line":7,"column":2},"end":{"line":12,"column":3}},"6":{"start":{"line":8,"column":4},"end":{"line":11,"column":7}},"7":{"start":{"line":13,"column":2},"end":{"line":13,"column":9}},"8":{"start":{"line":16,"column":0},"end":{"line":24,"column":2}},"9":{"start":{"line":17,"column":2},"end":{"line":22,"column":3}},"10":{"start":{"line":18,"column":4},"end":{"line":21,"column":7}},"11":{"start":{"line":23,"column":2},"end":{"line":23,"column":9}}},"fnMap":{"0":{"name":"(anonymous_0)","decl":{"start":{"line":4,"column":29},"end":{"line":4,"column":30}},"loc":{"start":{"line":4,"column":55},"end":{"line":14,"column":1}},"line":4},"1":{"name":"(anonymous_1)","decl":{"start":{"line":16,"column":20},"end":{"line":16,"column":21}},"loc":{"start":{"line":16,"column":40},"end":{"line":24,"column":1}},"line":16}},"branchMap":{"0":{"loc":{"start":{"line":7,"column":2},"end":{"line":12,"column":3}},"type":"if","locations":[{"start":{"line":7,"column":2},"end":{"line":12,"column":3}},{"start":{},"end":{}}],"line":7},"1":{"loc":{"start":{"line":17,"column":2},"end":{"line":22,"column":3}},"type":"if","locations":[{"start":{"line":17,"column":2},"end":{"line":22,"column":3}},{"start":{},"end":{}}],"line":17}},"s":{"0":1,"1":1,"2":1,"3":2,"4":2,"5":2,"6":1,"7":1,"8":1,"9":2,"10":1,"11":1},"f":{"0":2,"1":2},"b":{"0":[1,1],"1":[1,1]},"_coverageSchema":"1a1c01bbd47fc00a2c39e90264f33305004495a9","hash":"abcfc1ab2fbcb7906b3fc98bad0932682ec479e1"}
,"C:\\Users\\cefalo\\SportsDaily\\middlewares\\userAuthMiddleware.js": {"path":"C:\\Users\\cefalo\\SportsDaily\\middlewares\\userAuthMiddleware.js","statementMap":{"0":{"start":{"line":1,"column":17},"end":{"line":1,"column":52}},"1":{"start":{"line":2,"column":19},"end":{"line":2,"column":49}},"2":{"start":{"line":4,"column":0},"end":{"line":15,"column":3}},"3":{"start":{"line":5,"column":16},"end":{"line":5,"column":29}},"4":{"start":{"line":6,"column":19},"end":{"line":6,"column":53}},"5":{"start":{"line":7,"column":2},"end":{"line":12,"column":3}},"6":{"start":{"line":8,"column":4},"end":{"line":11,"column":7}},"7":{"start":{"line":14,"column":2},"end":{"line":14,"column":9}},"8":{"start":{"line":17,"column":0},"end":{"line":25,"column":2}},"9":{"start":{"line":18,"column":2},"end":{"line":23,"column":3}},"10":{"start":{"line":19,"column":4},"end":{"line":22,"column":7}},"11":{"start":{"line":24,"column":2},"end":{"line":24,"column":9}}},"fnMap":{"0":{"name":"(anonymous_0)","decl":{"start":{"line":4,"column":35},"end":{"line":4,"column":36}},"loc":{"start":{"line":4,"column":61},"end":{"line":15,"column":1}},"line":4},"1":{"name":"(anonymous_1)","decl":{"start":{"line":17,"column":20},"end":{"line":17,"column":21}},"loc":{"start":{"line":17,"column":40},"end":{"line":25,"column":1}},"line":17}},"branchMap":{"0":{"loc":{"start":{"line":7,"column":2},"end":{"line":12,"column":3}},"type":"if","locations":[{"start":{"line":7,"column":2},"end":{"line":12,"column":3}},{"start":{},"end":{}}],"line":7},"1":{"loc":{"start":{"line":18,"column":2},"end":{"line":23,"column":3}},"type":"if","locations":[{"start":{"line":18,"column":2},"end":{"line":23,"column":3}},{"start":{},"end":{}}],"line":18},"2":{"loc":{"start":{"line":18,"column":6},"end":{"line":18,"column":39}},"type":"binary-expr","locations":[{"start":{"line":18,"column":6},"end":{"line":18,"column":21}},{"start":{"line":18,"column":25},"end":{"line":18,"column":39}}],"line":18}},"s":{"0":1,"1":1,"2":1,"3":2,"4":2,"5":2,"6":1,"7":1,"8":1,"9":2,"10":1,"11":1},"f":{"0":2,"1":2},"b":{"0":[1,1],"1":[1,1],"2":[2,1]},"_coverageSchema":"1a1c01bbd47fc00a2c39e90264f33305004495a9","hash":"3ceba5bceda6bfd2e8e087cb17626de2599ad3a1"}
,"C:\\Users\\cefalo\\SportsDaily\\models\\articleModel.js": {"path":"C:\\Users\\cefalo\\SportsDaily\\models\\articleModel.js","statementMap":{"0":{"start":{"line":1,"column":18},"end":{"line":1,"column":41}},"1":{"start":{"line":2,"column":23},"end":{"line":2,"column":43}},"2":{"start":{"line":3,"column":14},"end":{"line":3,"column":42}},"3":{"start":{"line":4,"column":18},"end":{"line":4,"column":38}},"4":{"start":{"line":5,"column":17},"end":{"line":34,"column":2}},"5":{"start":{"line":36,"column":0},"end":{"line":36,"column":30}}},"fnMap":{},"branchMap":{},"s":{"0":5,"1":5,"2":5,"3":5,"4":5,"5":5},"f":{},"b":{},"_coverageSchema":"1a1c01bbd47fc00a2c39e90264f33305004495a9","hash":"732630b82bbb95cc4349af0957c43c73073bd80e"}
,"C:\\Users\\cefalo\\SportsDaily\\models\\connection.js": {"path":"C:\\Users\\cefalo\\SportsDaily\\models\\connection.js","statementMap":{"0":{"start":{"line":1,"column":18},"end":{"line":1,"column":38}},"1":{"start":{"line":3,"column":18},"end":{"line":6,"column":2}},"2":{"start":{"line":8,"column":0},"end":{"line":8,"column":27}}},"fnMap":{},"branchMap":{},"s":{"0":7,"1":7,"2":7},"f":{},"b":{},"_coverageSchema":"1a1c01bbd47fc00a2c39e90264f33305004495a9","hash":"3888aa03869b7864cdf962aa92dae00675929eec"}
,"C:\\Users\\cefalo\\SportsDaily\\models\\userModel.js": {"path":"C:\\Users\\cefalo\\SportsDaily\\models\\userModel.js","statementMap":{"0":{"start":{"line":1,"column":18},"end":{"line":1,"column":41}},"1":{"start":{"line":2,"column":18},"end":{"line":2,"column":38}},"2":{"start":{"line":4,"column":14},"end":{"line":30,"column":2}},"3":{"start":{"line":32,"column":0},"end":{"line":32,"column":27}}},"fnMap":{},"branchMap":{},"s":{"0":7,"1":7,"2":7,"3":7},"f":{},"b":{},"_coverageSchema":"1a1c01bbd47fc00a2c39e90264f33305004495a9","hash":"544ade4c21c09e00ea625c7af160935a6ad4f0fd"}
,"C:\\Users\\cefalo\\SportsDaily\\services\\articleServices.js": {"path":"C:\\Users\\cefalo\\SportsDaily\\services\\articleServices.js","statementMap":{"0":{"start":{"line":1,"column":21},"end":{"line":1,"column":54}},"1":{"start":{"line":2,"column":17},"end":{"line":2,"column":38}},"2":{"start":{"line":4,"column":0},"end":{"line":12,"column":2}},"3":{"start":{"line":5,"column":23},"end":{"line":9,"column":4}},"4":{"start":{"line":10,"column":2},"end":{"line":11,"column":16}},"5":{"start":{"line":10,"column":20},"end":{"line":10,"column":29}},"6":{"start":{"line":11,"column":7},"end":{"line":11,"column":16}},"7":{"start":{"line":14,"column":0},"end":{"line":17,"column":2}},"8":{"start":{"line":15,"column":23},"end":{"line":15,"column":47}},"9":{"start":{"line":16,"column":2},"end":{"line":16,"column":22}},"10":{"start":{"line":19,"column":0},"end":{"line":26,"column":2}},"11":{"start":{"line":20,"column":18},"end":{"line":24,"column":4}},"12":{"start":{"line":25,"column":2},"end":{"line":25,"column":17}},"13":{"start":{"line":28,"column":0},"end":{"line":32,"column":2}},"14":{"start":{"line":29,"column":51},"end":{"line":29,"column":62}},"15":{"start":{"line":30,"column":21},"end":{"line":30,"column":84}},"16":{"start":{"line":31,"column":2},"end":{"line":31,"column":20}},"17":{"start":{"line":34,"column":0},"end":{"line":46,"column":2}},"18":{"start":{"line":35,"column":20},"end":{"line":44,"column":3}},"19":{"start":{"line":45,"column":2},"end":{"line":45,"column":19}},"20":{"start":{"line":48,"column":0},"end":{"line":55,"column":2}},"21":{"start":{"line":49,"column":18},"end":{"line":53,"column":4}},"22":{"start":{"line":54,"column":2},"end":{"line":54,"column":17}}},"fnMap":{"0":{"name":"(anonymous_0)","decl":{"start":{"line":4,"column":21},"end":{"line":4,"column":22}},"loc":{"start":{"line":4,"column":38},"end":{"line":12,"column":1}},"line":4},"1":{"name":"(anonymous_1)","decl":{"start":{"line":14,"column":26},"end":{"line":14,"column":27}},"loc":{"start":{"line":14,"column":38},"end":{"line":17,"column":1}},"line":14},"2":{"name":"(anonymous_2)","decl":{"start":{"line":19,"column":25},"end":{"line":19,"column":26}},"loc":{"start":{"line":19,"column":39},"end":{"line":26,"column":1}},"line":19},"3":{"name":"(anonymous_3)","decl":{"start":{"line":28,"column":24},"end":{"line":28,"column":25}},"loc":{"start":{"line":28,"column":47},"end":{"line":32,"column":1}},"line":28},"4":{"name":"(anonymous_4)","decl":{"start":{"line":34,"column":24},"end":{"line":34,"column":25}},"loc":{"start":{"line":34,"column":45},"end":{"line":46,"column":1}},"line":34},"5":{"name":"(anonymous_5)","decl":{"start":{"line":48,"column":24},"end":{"line":48,"column":25}},"loc":{"start":{"line":48,"column":38},"end":{"line":55,"column":1}},"line":48}},"branchMap":{"0":{"loc":{"start":{"line":10,"column":2},"end":{"line":11,"column":16}},"type":"if","locations":[{"start":{"line":10,"column":2},"end":{"line":11,"column":16}},{"start":{"line":11,"column":7},"end":{"line":11,"column":16}}],"line":10}},"s":{"0":3,"1":3,"2":3,"3":1,"4":1,"5":1,"6":0,"7":3,"8":1,"9":1,"10":3,"11":1,"12":1,"13":3,"14":1,"15":1,"16":1,"17":3,"18":1,"19":1,"20":3,"21":1,"22":1},"f":{"0":1,"1":1,"2":1,"3":1,"4":1,"5":1},"b":{"0":[1,0]},"_coverageSchema":"1a1c01bbd47fc00a2c39e90264f33305004495a9","hash":"033f17000907ac6fddcaa0f69bb2cf95e9503a7f"}
,"C:\\Users\\cefalo\\SportsDaily\\services\\userServices.js": {"path":"C:\\Users\\cefalo\\SportsDaily\\services\\userServices.js","statementMap":{"0":{"start":{"line":1,"column":18},"end":{"line":1,"column":48}},"1":{"start":{"line":2,"column":14},"end":{"line":2,"column":29}},"2":{"start":{"line":4,"column":0},"end":{"line":12,"column":2}},"3":{"start":{"line":5,"column":21},"end":{"line":9,"column":4}},"4":{"start":{"line":10,"column":2},"end":{"line":11,"column":16}},"5":{"start":{"line":10,"column":18},"end":{"line":10,"column":27}},"6":{"start":{"line":11,"column":7},"end":{"line":11,"column":16}},"7":{"start":{"line":14,"column":0},"end":{"line":17,"column":2}},"8":{"start":{"line":15,"column":20},"end":{"line":15,"column":41}},"9":{"start":{"line":16,"column":2},"end":{"line":16,"column":19}},"10":{"start":{"line":19,"column":0},"end":{"line":27,"column":2}},"11":{"start":{"line":20,"column":15},"end":{"line":24,"column":4}},"12":{"start":{"line":26,"column":2},"end":{"line":26,"column":14}},"13":{"start":{"line":29,"column":0},"end":{"line":33,"column":2}},"14":{"start":{"line":30,"column":46},"end":{"line":30,"column":54}},"15":{"start":{"line":31,"column":18},"end":{"line":31,"column":73}},"16":{"start":{"line":32,"column":2},"end":{"line":32,"column":17}},"17":{"start":{"line":35,"column":0},"end":{"line":45,"column":2}},"18":{"start":{"line":36,"column":17},"end":{"line":43,"column":3}},"19":{"start":{"line":44,"column":2},"end":{"line":44,"column":16}},"20":{"start":{"line":47,"column":0},"end":{"line":54,"column":2}},"21":{"start":{"line":48,"column":18},"end":{"line":52,"column":4}},"22":{"start":{"line":53,"column":2},"end":{"line":53,"column":17}}},"fnMap":{"0":{"name":"(anonymous_0)","decl":{"start":{"line":4,"column":23},"end":{"line":4,"column":24}},"loc":{"start":{"line":4,"column":43},"end":{"line":12,"column":1}},"line":4},"1":{"name":"(anonymous_1)","decl":{"start":{"line":14,"column":23},"end":{"line":14,"column":24}},"loc":{"start":{"line":14,"column":35},"end":{"line":17,"column":1}},"line":14},"2":{"name":"(anonymous_2)","decl":{"start":{"line":19,"column":22},"end":{"line":19,"column":23}},"loc":{"start":{"line":19,"column":42},"end":{"line":27,"column":1}},"line":19},"3":{"name":"(anonymous_3)","decl":{"start":{"line":29,"column":21},"end":{"line":29,"column":22}},"loc":{"start":{"line":29,"column":41},"end":{"line":33,"column":1}},"line":29},"4":{"name":"(anonymous_4)","decl":{"start":{"line":35,"column":21},"end":{"line":35,"column":22}},"loc":{"start":{"line":35,"column":54},"end":{"line":45,"column":1}},"line":35},"5":{"name":"(anonymous_5)","decl":{"start":{"line":47,"column":21},"end":{"line":47,"column":22}},"loc":{"start":{"line":47,"column":41},"end":{"line":54,"column":1}},"line":47}},"branchMap":{"0":{"loc":{"start":{"line":10,"column":2},"end":{"line":11,"column":16}},"type":"if","locations":[{"start":{"line":10,"column":2},"end":{"line":11,"column":16}},{"start":{"line":11,"column":7},"end":{"line":11,"column":16}}],"line":10}},"s":{"0":3,"1":3,"2":3,"3":1,"4":1,"5":1,"6":0,"7":3,"8":1,"9":1,"10":3,"11":1,"12":1,"13":3,"14":1,"15":1,"16":1,"17":3,"18":1,"19":1,"20":3,"21":1,"22":1},"f":{"0":1,"1":1,"2":1,"3":1,"4":1,"5":1},"b":{"0":[1,0]},"_coverageSchema":"1a1c01bbd47fc00a2c39e90264f33305004495a9","hash":"7e457939d8393b242c09bd66029d25e2e86a00e7"}
,"C:\\Users\\cefalo\\SportsDaily\\utils\\appError.js": {"path":"C:\\Users\\cefalo\\SportsDaily\\utils\\appError.js","statementMap":{"0":{"start":{"line":3,"column":4},"end":{"line":3,"column":19}},"1":{"start":{"line":4,"column":4},"end":{"line":4,"column":33}},"2":{"start":{"line":5,"column":4},"end":{"line":5,"column":69}},"3":{"start":{"line":6,"column":4},"end":{"line":6,"column":30}},"4":{"start":{"line":8,"column":4},"end":{"line":8,"column":52}},"5":{"start":{"line":12,"column":0},"end":{"line":12,"column":26}}},"fnMap":{"0":{"name":"(anonymous_0)","decl":{"start":{"line":2,"column":2},"end":{"line":2,"column":3}},"loc":{"start":{"line":2,"column":35},"end":{"line":9,"column":3}},"line":2}},"branchMap":{"0":{"loc":{"start":{"line":5,"column":18},"end":{"line":5,"column":68}},"type":"cond-expr","locations":[{"start":{"line":5,"column":52},"end":{"line":5,"column":58}},{"start":{"line":5,"column":61},"end":{"line":5,"column":68}}],"line":5}},"s":{"0":26,"1":26,"2":26,"3":26,"4":26,"5":2},"f":{"0":26},"b":{"0":[26,0]},"_coverageSchema":"1a1c01bbd47fc00a2c39e90264f33305004495a9","hash":"120e0fa5913a7d9927ba98972318e95fe03a62bb"}
,"C:\\Users\\cefalo\\SportsDaily\\utils\\catchAsync.js": {"path":"C:\\Users\\cefalo\\SportsDaily\\utils\\catchAsync.js","statementMap":{"0":{"start":{"line":1,"column":0},"end":{"line":7,"column":2}},"1":{"start":{"line":1,"column":25},"end":{"line":7,"column":1}},"2":{"start":{"line":2,"column":2},"end":{"line":6,"column":3}},"3":{"start":{"line":3,"column":4},"end":{"line":3,"column":36}},"4":{"start":{"line":5,"column":4},"end":{"line":5,"column":14}}},"fnMap":{"0":{"name":"(anonymous_0)","decl":{"start":{"line":1,"column":17},"end":{"line":1,"column":18}},"loc":{"start":{"line":1,"column":25},"end":{"line":7,"column":1}},"line":1},"1":{"name":"(anonymous_1)","decl":{"start":{"line":1,"column":25},"end":{"line":1,"column":26}},"loc":{"start":{"line":1,"column":51},"end":{"line":7,"column":1}},"line":1}},"branchMap":{},"s":{"0":5,"1":18,"2":31,"3":31,"4":0},"f":{"0":18,"1":31},"b":{},"_coverageSchema":"1a1c01bbd47fc00a2c39e90264f33305004495a9","hash":"08955e45a280b8a002617dffae3c46673564f14b"}
,"C:\\Users\\cefalo\\SportsDaily\\utils\\contentNegotiation.js": {"path":"C:\\Users\\cefalo\\SportsDaily\\utils\\contentNegotiation.js","statementMap":{"0":{"start":{"line":1,"column":13},"end":{"line":1,"column":28}},"1":{"start":{"line":3,"column":14},"end":{"line":3,"column":43}},"2":{"start":{"line":5,"column":18},"end":{"line":5,"column":41}},"3":{"start":{"line":7,"column":17},"end":{"line":9,"column":1}},"4":{"start":{"line":8,"column":2},"end":{"line":8,"column":47}},"5":{"start":{"line":11,"column":16},"end":{"line":15,"column":1}},"6":{"start":{"line":12,"column":15},"end":{"line":12,"column":25}},"7":{"start":{"line":13,"column":16},"end":{"line":13,"column":66}},"8":{"start":{"line":14,"column":2},"end":{"line":14,"column":15}},"9":{"start":{"line":17,"column":17},"end":{"line":19,"column":1}},"10":{"start":{"line":18,"column":2},"end":{"line":18,"column":66}},"11":{"start":{"line":21,"column":17},"end":{"line":23,"column":1}},"12":{"start":{"line":22,"column":2},"end":{"line":22,"column":58}},"13":{"start":{"line":25,"column":21},"end":{"line":48,"column":1}},"14":{"start":{"line":26,"column":2},"end":{"line":26,"column":36}},"15":{"start":{"line":26,"column":19},"end":{"line":26,"column":36}},"16":{"start":{"line":27,"column":2},"end":{"line":47,"column":5}},"17":{"start":{"line":29,"column":6},"end":{"line":29,"column":55}},"18":{"start":{"line":33,"column":6},"end":{"line":33,"column":54}},"19":{"start":{"line":37,"column":6},"end":{"line":37,"column":55}},"20":{"start":{"line":41,"column":6},"end":{"line":41,"column":55}},"21":{"start":{"line":45,"column":6},"end":{"line":45,"column":55}},"22":{"start":{"line":50,"column":0},"end":{"line":50,"column":34}}},"fnMap":{"0":{"name":"(anonymous_0)","decl":{"start":{"line":7,"column":17},"end":{"line":7,"column":18}},"loc":{"start":{"line":7,"column":32},"end":{"line":9,"column":1}},"line":7},"1":{"name":"(anonymous_1)","decl":{"start":{"line":11,"column":16},"end":{"line":11,"column":17}},"loc":{"start":{"line":11,"column":31},"end":{"line":15,"column":1}},"line":11},"2":{"name":"(anonymous_2)","decl":{"start":{"line":17,"column":17},"end":{"line":17,"column":18}},"loc":{"start":{"line":17,"column":32},"end":{"line":19,"column":1}},"line":17},"3":{"name":"(anonymous_3)","decl":{"start":{"line":21,"column":17},"end":{"line":21,"column":18}},"loc":{"start":{"line":21,"column":32},"end":{"line":23,"column":1}},"line":21},"4":{"name":"(anonymous_4)","decl":{"start":{"line":25,"column":21},"end":{"line":25,"column":22}},"loc":{"start":{"line":25,"column":58},"end":{"line":48,"column":1}},"line":25},"5":{"name":"(anonymous_5)","decl":{"start":{"line":28,"column":24},"end":{"line":28,"column":25}},"loc":{"start":{"line":28,"column":36},"end":{"line":30,"column":5}},"line":28},"6":{"name":"(anonymous_6)","decl":{"start":{"line":32,"column":23},"end":{"line":32,"column":24}},"loc":{"start":{"line":32,"column":35},"end":{"line":34,"column":5}},"line":32},"7":{"name":"(anonymous_7)","decl":{"start":{"line":36,"column":18},"end":{"line":36,"column":19}},"loc":{"start":{"line":36,"column":30},"end":{"line":38,"column":5}},"line":36},"8":{"name":"(anonymous_8)","decl":{"start":{"line":40,"column":17},"end":{"line":40,"column":18}},"loc":{"start":{"line":40,"column":29},"end":{"line":42,"column":5}},"line":40},"9":{"name":"(anonymous_9)","decl":{"start":{"line":44,"column":13},"end":{"line":44,"column":14}},"loc":{"start":{"line":44,"column":25},"end":{"line":46,"column":5}},"line":44}},"branchMap":{"0":{"loc":{"start":{"line":26,"column":2},"end":{"line":26,"column":36}},"type":"if","locations":[{"start":{"line":26,"column":2},"end":{"line":26,"column":36}},{"start":{},"end":{}}],"line":26}},"s":{"0":4,"1":4,"2":4,"3":4,"4":1,"5":4,"6":1,"7":1,"8":1,"9":4,"10":1,"11":4,"12":1,"13":4,"14":4,"15":2,"16":4,"17":1,"18":1,"19":1,"20":1,"21":0,"22":4},"f":{"0":1,"1":1,"2":1,"3":1,"4":4,"5":1,"6":1,"7":1,"8":1,"9":0},"b":{"0":[2,2]},"_coverageSchema":"1a1c01bbd47fc00a2c39e90264f33305004495a9","hash":"810f8a3cc0160fcaee9e38c3c32b45c706fdbfeb"}
,"C:\\Users\\cefalo\\SportsDaily\\utils\\validation.js": {"path":"C:\\Users\\cefalo\\SportsDaily\\utils\\validation.js","statementMap":{"0":{"start":{"line":1,"column":12},"end":{"line":1,"column":35}},"1":{"start":{"line":2,"column":18},"end":{"line":2,"column":48}},"2":{"start":{"line":3,"column":21},"end":{"line":3,"column":54}},"3":{"start":{"line":4,"column":15},"end":{"line":4,"column":32}},"4":{"start":{"line":5,"column":17},"end":{"line":5,"column":38}},"5":{"start":{"line":6,"column":19},"end":{"line":6,"column":42}},"6":{"start":{"line":7,"column":27},"end":{"line":7,"column":58}},"7":{"start":{"line":8,"column":14},"end":{"line":8,"column":29}},"8":{"start":{"line":9,"column":17},"end":{"line":9,"column":38}},"9":{"start":{"line":11,"column":22},"end":{"line":21,"column":1}},"10":{"start":{"line":12,"column":2},"end":{"line":20,"column":4}},"11":{"start":{"line":23,"column":20},"end":{"line":39,"column":1}},"12":{"start":{"line":25,"column":28},"end":{"line":25,"column":39}},"13":{"start":{"line":27,"column":2},"end":{"line":27,"column":29}},"14":{"start":{"line":28,"column":2},"end":{"line":34,"column":3}},"15":{"start":{"line":29,"column":4},"end":{"line":29,"column":26}},"16":{"start":{"line":30,"column":4},"end":{"line":30,"column":40}},"17":{"start":{"line":32,"column":4},"end":{"line":32,"column":23}},"18":{"start":{"line":33,"column":4},"end":{"line":33,"column":21}},"19":{"start":{"line":35,"column":2},"end":{"line":35,"column":21}},"20":{"start":{"line":36,"column":18},"end":{"line":36,"column":59}},"21":{"start":{"line":37,"column":2},"end":{"line":37,"column":22}},"22":{"start":{"line":38,"column":2},"end":{"line":38,"column":26}},"23":{"start":{"line":40,"column":23},"end":{"line":61,"column":2}},"24":{"start":{"line":41,"column":28},"end":{"line":41,"column":49}},"25":{"start":{"line":42,"column":2},"end":{"line":42,"column":41}},"26":{"start":{"line":43,"column":2},"end":{"line":45,"column":3}},"27":{"start":{"line":44,"column":4},"end":{"line":44,"column":75}},"28":{"start":{"line":47,"column":24},"end":{"line":49,"column":4}},"29":{"start":{"line":50,"column":2},"end":{"line":52,"column":3}},"30":{"start":{"line":51,"column":4},"end":{"line":51,"column":77}},"31":{"start":{"line":55,"column":2},"end":{"line":57,"column":3}},"32":{"start":{"line":56,"column":4},"end":{"line":56,"column":61}},"33":{"start":{"line":59,"column":2},"end":{"line":59,"column":35}},"34":{"start":{"line":60,"column":2},"end":{"line":60,"column":9}},"35":{"start":{"line":63,"column":26},"end":{"line":93,"column":2}},"36":{"start":{"line":64,"column":28},"end":{"line":64,"column":49}},"37":{"start":{"line":65,"column":2},"end":{"line":67,"column":3}},"38":{"start":{"line":66,"column":4},"end":{"line":66,"column":75}},"39":{"start":{"line":69,"column":24},"end":{"line":71,"column":4}},"40":{"start":{"line":72,"column":2},"end":{"line":74,"column":3}},"41":{"start":{"line":73,"column":4},"end":{"line":73,"column":77}},"42":{"start":{"line":79,"column":2},"end":{"line":79,"column":104}},"43":{"start":{"line":79,"column":44},"end":{"line":79,"column":104}},"44":{"start":{"line":80,"column":2},"end":{"line":86,"column":3}},"45":{"start":{"line":80,"column":25},"end":{"line":80,"column":61}},"46":{"start":{"line":81,"column":7},"end":{"line":86,"column":3}},"47":{"start":{"line":82,"column":20},"end":{"line":84,"column":6}},"48":{"start":{"line":85,"column":4},"end":{"line":85,"column":39}},"49":{"start":{"line":87,"column":2},"end":{"line":89,"column":3}},"50":{"start":{"line":88,"column":4},"end":{"line":88,"column":61}},"51":{"start":{"line":91,"column":2},"end":{"line":91,"column":35}},"52":{"start":{"line":92,"column":2},"end":{"line":92,"column":9}},"53":{"start":{"line":95,"column":22},"end":{"line":110,"column":2}},"54":{"start":{"line":96,"column":19},"end":{"line":96,"column":36}},"55":{"start":{"line":97,"column":19},"end":{"line":97,"column":36}},"56":{"start":{"line":98,"column":2},"end":{"line":100,"column":3}},"57":{"start":{"line":99,"column":4},"end":{"line":99,"column":75}},"58":{"start":{"line":101,"column":15},"end":{"line":103,"column":4}},"59":{"start":{"line":104,"column":2},"end":{"line":104,"column":69}},"60":{"start":{"line":104,"column":13},"end":{"line":104,"column":69}},"61":{"start":{"line":105,"column":26},"end":{"line":105,"column":71}},"62":{"start":{"line":106,"column":2},"end":{"line":106,"column":82}},"63":{"start":{"line":106,"column":24},"end":{"line":106,"column":82}},"64":{"start":{"line":107,"column":16},"end":{"line":107,"column":44}},"65":{"start":{"line":108,"column":27},"end":{"line":108,"column":79}},"66":{"start":{"line":109,"column":2},"end":{"line":109,"column":67}},"67":{"start":{"line":112,"column":0},"end":{"line":117,"column":2}}},"fnMap":{"0":{"name":"(anonymous_0)","decl":{"start":{"line":11,"column":22},"end":{"line":11,"column":23}},"loc":{"start":{"line":11,"column":36},"end":{"line":21,"column":1}},"line":11},"1":{"name":"(anonymous_1)","decl":{"start":{"line":23,"column":20},"end":{"line":23,"column":21}},"loc":{"start":{"line":23,"column":34},"end":{"line":39,"column":1}},"line":23},"2":{"name":"(anonymous_2)","decl":{"start":{"line":40,"column":34},"end":{"line":40,"column":35}},"loc":{"start":{"line":40,"column":60},"end":{"line":61,"column":1}},"line":40},"3":{"name":"(anonymous_3)","decl":{"start":{"line":63,"column":37},"end":{"line":63,"column":38}},"loc":{"start":{"line":63,"column":63},"end":{"line":93,"column":1}},"line":63},"4":{"name":"(anonymous_4)","decl":{"start":{"line":95,"column":33},"end":{"line":95,"column":34}},"loc":{"start":{"line":95,"column":59},"end":{"line":110,"column":1}},"line":95}},"branchMap":{"0":{"loc":{"start":{"line":28,"column":2},"end":{"line":34,"column":3}},"type":"if","locations":[{"start":{"line":28,"column":2},"end":{"line":34,"column":3}},{"start":{"line":31,"column":9},"end":{"line":34,"column":3}}],"line":28},"1":{"loc":{"start":{"line":28,"column":6},"end":{"line":28,"column":57}},"type":"binary-expr","locations":[{"start":{"line":28,"column":6},"end":{"line":28,"column":19}},{"start":{"line":28,"column":23},"end":{"line":28,"column":57}}],"line":28},"2":{"loc":{"start":{"line":43,"column":2},"end":{"line":45,"column":3}},"type":"if","locations":[{"start":{"line":43,"column":2},"end":{"line":45,"column":3}},{"start":{},"end":{}}],"line":43},"3":{"loc":{"start":{"line":50,"column":2},"end":{"line":52,"column":3}},"type":"if","locations":[{"start":{"line":50,"column":2},"end":{"line":52,"column":3}},{"start":{},"end":{}}],"line":50},"4":{"loc":{"start":{"line":55,"column":2},"end":{"line":57,"column":3}},"type":"if","locations":[{"start":{"line":55,"column":2},"end":{"line":57,"column":3}},{"start":{},"end":{}}],"line":55},"5":{"loc":{"start":{"line":55,"column":6},"end":{"line":55,"column":59}},"type":"binary-expr","locations":[{"start":{"line":55,"column":6},"end":{"line":55,"column":20}},{"start":{"line":55,"column":24},"end":{"line":55,"column":59}}],"line":55},"6":{"loc":{"start":{"line":65,"column":2},"end":{"line":67,"column":3}},"type":"if","locations":[{"start":{"line":65,"column":2},"end":{"line":67,"column":3}},{"start":{},"end":{}}],"line":65},"7":{"loc":{"start":{"line":72,"column":2},"end":{"line":74,"column":3}},"type":"if","locations":[{"start":{"line":72,"column":2},"end":{"line":74,"column":3}},{"start":{},"end":{}}],"line":72},"8":{"loc":{"start":{"line":79,"column":2},"end":{"line":79,"column":104}},"type":"if","locations":[{"start":{"line":79,"column":2},"end":{"line":79,"column":104}},{"start":{},"end":{}}],"line":79},"9":{"loc":{"start":{"line":79,"column":6},"end":{"line":79,"column":42}},"type":"binary-expr","locations":[{"start":{"line":79,"column":6},"end":{"line":79,"column":24}},{"start":{"line":79,"column":28},"end":{"line":79,"column":42}}],"line":79},"10":{"loc":{"start":{"line":80,"column":2},"end":{"line":86,"column":3}},"type":"if","locations":[{"start":{"line":80,"column":2},"end":{"line":86,"column":3}},{"start":{"line":81,"column":7},"end":{"line":86,"column":3}}],"line":80},"11":{"loc":{"start":{"line":81,"column":7},"end":{"line":86,"column":3}},"type":"if","locations":[{"start":{"line":81,"column":7},"end":{"line":86,"column":3}},{"start":{},"end":{}}],"line":81},"12":{"loc":{"start":{"line":87,"column":2},"end":{"line":89,"column":3}},"type":"if","locations":[{"start":{"line":87,"column":2},"end":{"line":89,"column":3}},{"start":{},"end":{}}],"line":87},"13":{"loc":{"start":{"line":98,"column":2},"end":{"line":100,"column":3}},"type":"if","locations":[{"start":{"line":98,"column":2},"end":{"line":100,"column":3}},{"start":{},"end":{}}],"line":98},"14":{"loc":{"start":{"line":98,"column":6},"end":{"line":98,"column":28}},"type":"binary-expr","locations":[{"start":{"line":98,"column":6},"end":{"line":98,"column":15}},{"start":{"line":98,"column":19},"end":{"line":98,"column":28}}],"line":98},"15":{"loc":{"start":{"line":104,"column":2},"end":{"line":104,"column":69}},"type":"if","locations":[{"start":{"line":104,"column":2},"end":{"line":104,"column":69}},{"start":{},"end":{}}],"line":104},"16":{"loc":{"start":{"line":106,"column":2},"end":{"line":106,"column":82}},"type":"if","locations":[{"start":{"line":106,"column":2},"end":{"line":106,"column":82}},{"start":{},"end":{}}],"line":106}},"s":{"0":2,"1":2,"2":2,"3":2,"4":2,"5":2,"6":2,"7":2,"8":2,"9":2,"10":2,"11":2,"12":12,"13":12,"14":12,"15":10,"16":10,"17":2,"18":2,"19":10,"20":10,"21":10,"22":10,"23":2,"24":7,"25":7,"26":7,"27":3,"28":4,"29":4,"30":1,"31":3,"32":2,"33":1,"34":1,"35":2,"36":5,"37":5,"38":0,"39":5,"40":5,"41":1,"42":4,"43":1,"44":3,"45":1,"46":2,"47":2,"48":2,"49":3,"50":1,"51":2,"52":2,"53":2,"54":5,"55":5,"56":5,"57":2,"58":3,"59":3,"60":1,"61":2,"62":2,"63":1,"64":1,"65":1,"66":1,"67":2},"f":{"0":2,"1":12,"2":7,"3":5,"4":5},"b":{"0":[10,2],"1":[12,11],"2":[3,4],"3":[1,3],"4":[2,1],"5":[3,2],"6":[0,5],"7":[1,4],"8":[1,3],"9":[4,3],"10":[1,2],"11":[2,0],"12":[1,2],"13":[2,3],"14":[5,4],"15":[1,2],"16":[1,1]},"_coverageSchema":"1a1c01bbd47fc00a2c39e90264f33305004495a9","hash":"b3243f06a0ed8183574c534dab1d96f279d5ea42"}
}
