TN:
SF:controllers\articleController.js
FN:5,(anonymous_0)
FN:10,(anonymous_1)
FN:16,(anonymous_2)
FN:27,(anonymous_3)
FN:34,(anonymous_4)
FNF:5
FNH:5
FNDA:1,(anonymous_0)
FNDA:1,(anonymous_1)
FNDA:1,(anonymous_2)
FNDA:1,(anonymous_3)
FNDA:1,(anonymous_4)
DA:1,1
DA:2,1
DA:3,1
DA:5,1
DA:6,1
DA:7,1
DA:10,1
DA:11,1
DA:12,1
DA:13,1
DA:16,1
DA:17,1
DA:23,1
DA:24,1
DA:27,1
DA:28,1
DA:29,1
DA:30,1
DA:31,1
DA:34,1
DA:35,1
DA:36,1
DA:37,1
LF:23
LH:23
BRF:0
BRH:0
end_of_record
TN:
SF:controllers\userController.js
FN:7,(anonymous_0)
FN:12,(anonymous_1)
FN:18,(anonymous_2)
FN:30,(anonymous_3)
FN:38,(anonymous_4)
FNF:5
FNH:5
FNDA:1,(anonymous_0)
FNDA:1,(anonymous_1)
FNDA:1,(anonymous_2)
FNDA:1,(anonymous_3)
FNDA:1,(anonymous_4)
DA:1,1
DA:2,1
DA:3,1
DA:4,1
DA:5,1
DA:7,1
DA:8,1
DA:9,1
DA:12,1
DA:13,1
DA:14,1
DA:15,1
DA:18,1
DA:19,1
DA:20,1
DA:21,1
DA:22,1
DA:23,1
DA:24,1
DA:25,1
DA:26,1
DA:27,1
DA:30,1
DA:31,1
DA:32,1
DA:33,1
DA:34,1
DA:35,1
DA:38,1
DA:39,1
DA:40,1
DA:41,1
LF:32
LH:32
BRF:0
BRH:0
end_of_record
TN:
SF:middlewares\articleAuthMiddleware.js
FN:4,(anonymous_0)
FN:16,(anonymous_1)
FNF:2
FNH:2
FNDA:2,(anonymous_0)
FNDA:2,(anonymous_1)
DA:1,1
DA:2,1
DA:4,1
DA:5,2
DA:6,2
DA:7,2
DA:8,1
DA:13,1
DA:16,1
DA:17,2
DA:18,1
DA:23,1
LF:12
LH:12
BRDA:7,0,0,1
BRDA:7,0,1,1
BRDA:17,1,0,1
BRDA:17,1,1,1
BRF:4
BRH:4
end_of_record
TN:
SF:middlewares\userAuthMiddleware.js
FN:4,(anonymous_0)
FN:17,(anonymous_1)
FNF:2
FNH:2
FNDA:2,(anonymous_0)
FNDA:2,(anonymous_1)
DA:1,1
DA:2,1
DA:4,1
DA:5,2
DA:6,2
DA:7,2
DA:8,1
DA:14,1
DA:17,1
DA:18,2
DA:19,1
DA:24,1
LF:12
LH:12
BRDA:7,0,0,1
BRDA:7,0,1,1
BRDA:18,1,0,1
BRDA:18,1,1,1
BRDA:18,2,0,2
BRDA:18,2,1,1
BRF:6
BRH:6
end_of_record
TN:
SF:models\articleModel.js
FNF:0
FNH:0
DA:1,5
DA:2,5
DA:3,5
DA:4,5
DA:5,5
DA:36,5
LF:6
LH:6
BRF:0
BRH:0
end_of_record
TN:
SF:models\connection.js
FNF:0
FNH:0
DA:1,7
DA:3,7
DA:8,7
LF:3
LH:3
BRF:0
BRH:0
end_of_record
TN:
SF:models\userModel.js
FNF:0
FNH:0
DA:1,7
DA:2,7
DA:4,7
DA:32,7
LF:4
LH:4
BRF:0
BRH:0
end_of_record
TN:
SF:services\articleServices.js
FN:4,(anonymous_0)
FN:14,(anonymous_1)
FN:19,(anonymous_2)
FN:28,(anonymous_3)
FN:34,(anonymous_4)
FN:48,(anonymous_5)
FNF:6
FNH:6
FNDA:1,(anonymous_0)
FNDA:1,(anonymous_1)
FNDA:1,(anonymous_2)
FNDA:1,(anonymous_3)
FNDA:1,(anonymous_4)
FNDA:1,(anonymous_5)
DA:1,3
DA:2,3
DA:4,3
DA:5,1
DA:10,1
DA:11,0
DA:14,3
DA:15,1
DA:16,1
DA:19,3
DA:20,1
DA:25,1
DA:28,3
DA:29,1
DA:30,1
DA:31,1
DA:34,3
DA:35,1
DA:45,1
DA:48,3
DA:49,1
DA:54,1
LF:22
LH:21
BRDA:10,0,0,1
BRDA:10,0,1,0
BRF:2
BRH:1
end_of_record
TN:
SF:services\userServices.js
FN:4,(anonymous_0)
FN:14,(anonymous_1)
FN:19,(anonymous_2)
FN:29,(anonymous_3)
FN:35,(anonymous_4)
FN:47,(anonymous_5)
FNF:6
FNH:6
FNDA:1,(anonymous_0)
FNDA:1,(anonymous_1)
FNDA:1,(anonymous_2)
FNDA:1,(anonymous_3)
FNDA:1,(anonymous_4)
FNDA:1,(anonymous_5)
DA:1,3
DA:2,3
DA:4,3
DA:5,1
DA:10,1
DA:11,0
DA:14,3
DA:15,1
DA:16,1
DA:19,3
DA:20,1
DA:26,1
DA:29,3
DA:30,1
DA:31,1
DA:32,1
DA:35,3
DA:36,1
DA:44,1
DA:47,3
DA:48,1
DA:53,1
LF:22
LH:21
BRDA:10,0,0,1
BRDA:10,0,1,0
BRF:2
BRH:1
end_of_record
TN:
SF:utils\appError.js
FN:2,(anonymous_0)
FNF:1
FNH:1
FNDA:26,(anonymous_0)
DA:3,26
DA:4,26
DA:5,26
DA:6,26
DA:8,26
DA:12,2
LF:6
LH:6
BRDA:5,0,0,26
BRDA:5,0,1,0
BRF:2
BRH:1
end_of_record
TN:
SF:utils\catchAsync.js
FN:1,(anonymous_0)
FN:1,(anonymous_1)
FNF:2
FNH:2
FNDA:18,(anonymous_0)
FNDA:31,(anonymous_1)
DA:1,18
DA:2,31
DA:3,31
DA:5,0
LF:4
LH:3
BRF:0
BRH:0
end_of_record
TN:
SF:utils\contentNegotiation.js
FN:7,(anonymous_0)
FN:11,(anonymous_1)
FN:17,(anonymous_2)
FN:21,(anonymous_3)
FN:25,(anonymous_4)
FN:28,(anonymous_5)
FN:32,(anonymous_6)
FN:36,(anonymous_7)
FN:40,(anonymous_8)
FN:44,(anonymous_9)
FNF:10
FNH:9
FNDA:1,(anonymous_0)
FNDA:1,(anonymous_1)
FNDA:1,(anonymous_2)
FNDA:1,(anonymous_3)
FNDA:4,(anonymous_4)
FNDA:1,(anonymous_5)
FNDA:1,(anonymous_6)
FNDA:1,(anonymous_7)
FNDA:1,(anonymous_8)
FNDA:0,(anonymous_9)
DA:1,4
DA:3,4
DA:5,4
DA:7,4
DA:8,1
DA:11,4
DA:12,1
DA:13,1
DA:14,1
DA:17,4
DA:18,1
DA:21,4
DA:22,1
DA:25,4
DA:26,4
DA:27,4
DA:29,1
DA:33,1
DA:37,1
DA:41,1
DA:45,0
DA:50,4
LF:22
LH:21
BRDA:26,0,0,2
BRDA:26,0,1,2
BRF:2
BRH:2
end_of_record
TN:
SF:utils\validation.js
FN:11,(anonymous_0)
FN:23,(anonymous_1)
FN:40,(anonymous_2)
FN:63,(anonymous_3)
FN:95,(anonymous_4)
FNF:5
FNH:5
FNDA:2,(anonymous_0)
FNDA:12,(anonymous_1)
FNDA:7,(anonymous_2)
FNDA:5,(anonymous_3)
FNDA:5,(anonymous_4)
DA:1,2
DA:2,2
DA:3,2
DA:4,2
DA:5,2
DA:6,2
DA:7,2
DA:8,2
DA:9,2
DA:11,2
DA:12,2
DA:23,2
DA:25,12
DA:27,12
DA:28,12
DA:29,10
DA:30,10
DA:32,2
DA:33,2
DA:35,10
DA:36,10
DA:37,10
DA:38,10
DA:40,2
DA:41,7
DA:42,7
DA:43,7
DA:44,3
DA:47,4
DA:50,4
DA:51,1
DA:55,3
DA:56,2
DA:59,1
DA:60,1
DA:63,2
DA:64,5
DA:65,5
DA:66,0
DA:69,5
DA:72,5
DA:73,1
DA:79,4
DA:80,3
DA:81,2
DA:82,2
DA:85,2
DA:87,3
DA:88,1
DA:91,2
DA:92,2
DA:95,2
DA:96,5
DA:97,5
DA:98,5
DA:99,2
DA:101,3
DA:104,3
DA:105,2
DA:106,2
DA:107,1
DA:108,1
DA:109,1
DA:112,2
LF:64
LH:63
BRDA:28,0,0,10
BRDA:28,0,1,2
BRDA:28,1,0,12
BRDA:28,1,1,11
BRDA:43,2,0,3
BRDA:43,2,1,4
BRDA:50,3,0,1
BRDA:50,3,1,3
BRDA:55,4,0,2
BRDA:55,4,1,1
BRDA:55,5,0,3
BRDA:55,5,1,2
BRDA:65,6,0,0
BRDA:65,6,1,5
BRDA:72,7,0,1
BRDA:72,7,1,4
BRDA:79,8,0,1
BRDA:79,8,1,3
BRDA:79,9,0,4
BRDA:79,9,1,3
BRDA:80,10,0,1
BRDA:80,10,1,2
BRDA:81,11,0,2
BRDA:81,11,1,0
BRDA:87,12,0,1
BRDA:87,12,1,2
BRDA:98,13,0,2
BRDA:98,13,1,3
BRDA:98,14,0,5
BRDA:98,14,1,4
BRDA:104,15,0,1
BRDA:104,15,1,2
BRDA:106,16,0,1
BRDA:106,16,1,1
BRF:34
BRH:32
end_of_record
