TN:
SF:controllers\articleController.js
FN:5,(anonymous_0)
FN:10,(anonymous_1)
FN:16,(anonymous_2)
FN:22,(anonymous_3)
FN:28,(anonymous_4)
FN:39,(anonymous_5)
FN:47,(anonymous_6)
FNF:7
FNH:7
FNDA:1,(anonymous_0)
FNDA:1,(anonymous_1)
FNDA:1,(anonymous_2)
FNDA:1,(anonymous_3)
FNDA:1,(anonymous_4)
FNDA:1,(anonymous_5)
FNDA:1,(anonymous_6)
DA:1,1
DA:2,1
DA:3,1
DA:5,1
DA:6,1
DA:7,1
DA:10,1
DA:11,1
DA:12,1
DA:13,1
DA:16,1
DA:17,1
DA:18,1
DA:19,1
DA:22,1
DA:23,1
DA:24,1
DA:25,1
DA:28,1
DA:29,1
DA:35,1
DA:36,1
DA:39,1
DA:40,1
DA:41,1
DA:42,1
DA:43,1
DA:44,1
DA:47,1
DA:48,1
DA:49,1
DA:50,1
LF:32
LH:32
BRF:0
BRH:0
end_of_record
TN:
SF:controllers\userController.js
FN:7,(anonymous_0)
FN:12,(anonymous_1)
FN:18,(anonymous_2)
FN:30,(anonymous_3)
FN:38,(anonymous_4)
FNF:5
FNH:5
FNDA:1,(anonymous_0)
FNDA:1,(anonymous_1)
FNDA:1,(anonymous_2)
FNDA:1,(anonymous_3)
FNDA:1,(anonymous_4)
DA:1,1
DA:2,1
DA:3,1
DA:4,1
DA:5,1
DA:7,1
DA:8,1
DA:9,1
DA:12,1
DA:13,1
DA:14,1
DA:15,1
DA:18,1
DA:19,1
DA:20,1
DA:21,1
DA:22,1
DA:23,1
DA:24,1
DA:25,1
DA:26,1
DA:27,1
DA:30,1
DA:31,1
DA:32,1
DA:33,1
DA:34,1
DA:35,1
DA:38,1
DA:39,1
DA:40,1
DA:41,1
LF:32
LH:32
BRF:0
BRH:0
end_of_record
TN:
SF:middlewares\articleAuthMiddleware.js
FN:4,(anonymous_0)
FN:16,(anonymous_1)
FNF:2
FNH:2
FNDA:2,(anonymous_0)
FNDA:2,(anonymous_1)
DA:1,1
DA:2,1
DA:4,1
DA:5,2
DA:6,2
DA:7,2
DA:8,1
DA:13,1
DA:16,1
DA:17,2
DA:18,1
DA:23,1
LF:12
LH:12
BRDA:7,0,0,1
BRDA:7,0,1,1
BRDA:17,1,0,1
BRDA:17,1,1,1
BRDA:17,2,0,2
BRDA:17,2,1,1
BRF:6
BRH:6
end_of_record
TN:
SF:middlewares\userAuthMiddleware.js
FN:4,(anonymous_0)
FN:17,(anonymous_1)
FNF:2
FNH:2
FNDA:2,(anonymous_0)
FNDA:2,(anonymous_1)
DA:1,1
DA:2,1
DA:4,1
DA:5,2
DA:6,2
DA:7,2
DA:8,1
DA:14,1
DA:17,1
DA:18,2
DA:19,1
DA:24,1
LF:12
LH:12
BRDA:7,0,0,1
BRDA:7,0,1,1
BRDA:18,1,0,1
BRDA:18,1,1,1
BRDA:18,2,0,2
BRDA:18,2,1,1
BRF:6
BRH:6
end_of_record
TN:
SF:models\articleModel.js
FNF:0
FNH:0
DA:1,5
DA:2,5
DA:3,5
DA:4,5
DA:5,5
DA:37,5
LF:6
LH:6
BRF:0
BRH:0
end_of_record
TN:
SF:models\connection.js
FNF:0
FNH:0
DA:1,7
DA:3,7
DA:8,7
LF:3
LH:3
BRF:0
BRH:0
end_of_record
TN:
SF:models\userModel.js
FNF:0
FNH:0
DA:1,7
DA:2,7
DA:4,7
DA:32,7
LF:4
LH:4
BRF:0
BRH:0
end_of_record
TN:
SF:services\articleServices.js
FN:6,(anonymous_0)
FN:16,(anonymous_1)
FN:21,(anonymous_2)
FN:30,(anonymous_3)
FN:50,(anonymous_4)
FN:59,(anonymous_5)
FN:65,(anonymous_6)
FN:80,(anonymous_7)
FNF:8
FNH:8
FNDA:2,(anonymous_0)
FNDA:1,(anonymous_1)
FNDA:1,(anonymous_2)
FNDA:1,(anonymous_3)
FNDA:1,(anonymous_4)
FNDA:1,(anonymous_5)
FNDA:1,(anonymous_6)
FNDA:1,(anonymous_7)
DA:1,3
DA:2,3
DA:3,3
DA:4,3
DA:6,3
DA:7,2
DA:12,2
DA:13,1
DA:16,3
DA:17,1
DA:18,1
DA:21,3
DA:22,1
DA:27,1
DA:30,3
DA:31,1
DA:47,1
DA:50,3
DA:51,1
DA:56,1
DA:59,3
DA:60,1
DA:61,1
DA:62,1
DA:65,3
DA:66,1
DA:77,1
DA:80,3
DA:81,1
DA:86,1
LF:30
LH:30
BRDA:12,0,0,1
BRDA:12,0,1,1
BRF:2
BRH:2
end_of_record
TN:
SF:services\userServices.js
FN:4,(anonymous_0)
FN:14,(anonymous_1)
FN:19,(anonymous_2)
FN:29,(anonymous_3)
FN:35,(anonymous_4)
FN:47,(anonymous_5)
FNF:6
FNH:6
FNDA:2,(anonymous_0)
FNDA:1,(anonymous_1)
FNDA:1,(anonymous_2)
FNDA:1,(anonymous_3)
FNDA:1,(anonymous_4)
FNDA:1,(anonymous_5)
DA:1,3
DA:2,3
DA:4,3
DA:5,2
DA:10,2
DA:11,1
DA:14,3
DA:15,1
DA:16,1
DA:19,3
DA:20,1
DA:26,1
DA:29,3
DA:30,1
DA:31,1
DA:32,1
DA:35,3
DA:36,1
DA:44,1
DA:47,3
DA:48,1
DA:53,1
LF:22
LH:22
BRDA:10,0,0,1
BRDA:10,0,1,1
BRF:2
BRH:2
end_of_record
TN:
SF:test\mockData\mArticles.js
FNF:0
FNH:0
DA:1,4
DA:22,4
LF:2
LH:2
BRF:0
BRH:0
end_of_record
TN:
SF:test\mockData\mUsers.js
FNF:0
FNH:0
DA:1,4
DA:19,4
LF:2
LH:2
BRF:0
BRH:0
end_of_record
TN:
SF:utils\appError.js
FN:2,(anonymous_0)
FNF:1
FNH:1
FNDA:26,(anonymous_0)
DA:3,26
DA:4,26
DA:5,26
DA:6,26
DA:7,26
DA:11,2
LF:6
LH:6
BRDA:5,0,0,25
BRDA:5,0,1,1
BRF:2
BRH:2
end_of_record
TN:
SF:utils\catchAsync.js
FN:1,(anonymous_0)
FN:1,(anonymous_1)
FNF:2
FNH:2
FNDA:20,(anonymous_0)
FNDA:34,(anonymous_1)
DA:1,20
DA:2,34
DA:3,34
DA:5,1
LF:4
LH:4
BRF:0
BRH:0
end_of_record
TN:
SF:utils\contentNegotiation.js
FN:7,(anonymous_0)
FN:11,(anonymous_1)
FN:17,(anonymous_2)
FN:21,(anonymous_3)
FN:25,(anonymous_4)
FN:28,(anonymous_5)
FN:32,(anonymous_6)
FN:36,(anonymous_7)
FN:40,(anonymous_8)
FN:44,(anonymous_9)
FNF:10
FNH:10
FNDA:2,(anonymous_0)
FNDA:1,(anonymous_1)
FNDA:1,(anonymous_2)
FNDA:1,(anonymous_3)
FNDA:5,(anonymous_4)
FNDA:1,(anonymous_5)
FNDA:1,(anonymous_6)
FNDA:1,(anonymous_7)
FNDA:1,(anonymous_8)
FNDA:1,(anonymous_9)
DA:1,4
DA:3,4
DA:5,4
DA:7,4
DA:8,2
DA:11,4
DA:12,1
DA:13,1
DA:14,1
DA:17,4
DA:18,1
DA:21,4
DA:22,1
DA:25,4
DA:26,5
DA:27,5
DA:29,1
DA:33,1
DA:37,1
DA:41,1
DA:45,1
DA:50,4
LF:22
LH:22
BRDA:26,0,0,3
BRDA:26,0,1,2
BRF:2
BRH:2
end_of_record
TN:
SF:utils\validation.js
FN:11,(anonymous_0)
FN:23,(anonymous_1)
FN:34,(anonymous_2)
FN:38,(anonymous_3)
FN:42,(anonymous_4)
FN:64,(anonymous_5)
FN:96,(anonymous_6)
FNF:7
FNH:7
FNDA:2,(anonymous_0)
FNDA:14,(anonymous_1)
FNDA:1,(anonymous_2)
FNDA:1,(anonymous_3)
FNDA:7,(anonymous_4)
FNDA:6,(anonymous_5)
FNDA:5,(anonymous_6)
DA:1,2
DA:2,2
DA:3,2
DA:4,2
DA:5,2
DA:6,2
DA:7,2
DA:8,2
DA:9,2
DA:11,2
DA:12,2
DA:23,2
DA:26,14
DA:27,11
DA:29,3
DA:31,11
DA:32,10
DA:34,2
DA:35,1
DA:36,1
DA:38,2
DA:39,1
DA:40,1
DA:42,2
DA:43,7
DA:44,6
DA:45,2
DA:48,4
DA:51,4
DA:52,1
DA:56,3
DA:57,2
DA:60,1
DA:61,1
DA:64,2
DA:65,6
DA:66,6
DA:67,1
DA:70,5
DA:73,5
DA:74,1
DA:80,4
DA:81,3
DA:83,2
DA:86,2
DA:88,3
DA:89,1
DA:92,2
DA:93,2
DA:96,2
DA:97,5
DA:98,5
DA:99,5
DA:100,2
DA:102,3
DA:105,3
DA:106,2
DA:107,2
DA:108,1
DA:109,1
DA:110,1
DA:111,1
DA:114,2
LF:63
LH:63
BRDA:26,0,0,11
BRDA:26,0,1,3
BRDA:44,1,0,2
BRDA:44,1,1,4
BRDA:51,2,0,1
BRDA:51,2,1,3
BRDA:56,3,0,2
BRDA:56,3,1,1
BRDA:56,4,0,3
BRDA:56,4,1,2
BRDA:66,5,0,1
BRDA:66,5,1,5
BRDA:73,6,0,1
BRDA:73,6,1,4
BRDA:80,7,0,1
BRDA:80,7,1,3
BRDA:80,8,0,4
BRDA:80,8,1,3
BRDA:81,9,0,1
BRDA:81,9,1,2
BRDA:88,10,0,1
BRDA:88,10,1,2
BRDA:99,11,0,2
BRDA:99,11,1,3
BRDA:99,12,0,5
BRDA:99,12,1,4
BRDA:105,13,0,1
BRDA:105,13,1,2
BRDA:107,14,0,1
BRDA:107,14,1,1
BRF:30
BRH:30
end_of_record
